804
1 
3 
4 
5 
7 
9 
11 
13 
14 
16 
17 
19 
21 
22 
23 
24 
25 
28 
29 
33 
34 
35 
38 
39 
41 
42 
43 
45 
48 
50 
56 
60 
62 
63 
70 
73 
74 
75 
77 
78 
81 
83 
87 
89 
90 
92 
98 
100 
103 
106 
107 
109 
110 
111 
112 
113 
120 
121 
122 
125 
127 
132 
135 
136 
139 
140 
141 
142 
145 
148 
149 
154 
159 
164 
166 
167 
170 
174 
176 
177 
178 
179 
181 
184 
186 
187 
189 
192 
193 
194 
196 
197 
201 
202 
203 
205 
208 
209 
210 
211 
212 
213 
216 
217 
219 
220 
222 
225 
228 
229 
230 
232 
233 
235 
239 
240 
241 
245 
247 
251 
254 
255 
258 
260 
261 
265 
267 
268 
272 
274 
275 
276 
277 
278 
279 
281 
282 
283 
284 
286 
287 
292 
293 
294 
296 
298 
299 
300 
301 
302 
303 
305 
308 
309 
311 
312 
313 
314 
315 
316 
317 
319 
320 
323 
325 
326 
328 
329 
332 
333 
334 
340 
342 
346 
347 
348 
349 
351 
352 
354 
356 
357 
358 
360 
361 
362 
364 
367 
369 
370 
374 
377 
378 
379 
380 
381 
387 
389 
391 
393 
396 
397 
400 
404 
406 
411 
412 
416 
420 
421 
423 
425 
429 
430 
431 
433 
435 
436 
439 
440 
441 
442 
446 
448 
450 
451 
453 
456 
457 
460 
462 
463 
467 
468 
472 
473 
477 
479 
480 
483 
485 
486 
488 
489 
491 
493 
497 
499 
500 
502 
504 
505 
506 
507 
508 
509 
514 
515 
516 
519 
520 
526 
530 
531 
532 
533 
536 
538 
539 
540 
541 
546 
549 
550 
551 
554 
555 
556 
557 
559 
560 
561 
565 
567 
569 
570 
574 
575 
576 
584 
588 
591 
592 
593 
594 
596 
597 
602 
604 
605 
606 
610 
611 
613 
614 
616 
621 
623 
626 
627 
629 
638 
639 
640 
641 
642 
644 
645 
646 
647 
648 
649 
650 
652 
654 
655 
656 
658 
663 
667 
669 
671 
672 
677 
678 
679 
680 
682 
687 
688 
690 
691 
692 
693 
694 
702 
704 
706 
707 
708 
712 
713 
718 
719 
722 
723 
724 
725 
727 
728 
729 
730 
732 
733 
734 
736 
738 
739 
741 
742 
743 
745 
746 
747 
748 
754 
755 
756 
757 
761 
764 
766 
767 
768 
771 
772 
775 
776 
777 
778 
779 
780 
784 
785 
786 
787 
790 
791 
792 
799 
802 
803 
804 
807 
809 
811 
812 
815 
819 
820 
821 
822 
823 
826 
827 
829 
830 
831 
836 
839 
842 
843 
844 
845 
848 
849 
850 
851 
852 
854 
855 
859 
860 
863 
864 
865 
867 
869 
870 
874 
875 
877 
878 
880 
886 
887 
888 
889 
890 
893 
895 
896 
899 
900 
905 
906 
907 
908 
913 
914 
917 
921 
922 
923 
924 
925 
926 
931 
933 
935 
936 
938 
939 
942 
944 
948 
950 
951 
954 
955 
959 
962 
963 
964 
966 
969 
970 
971 
972 
975 
976 
978 
983 
986 
987 
989 
992 
994 
997 
998 
0 44 
2 12 
6 668 
8 452 
10 157 
15 236 
18 27 
20 285 
26 345 
30 99 
31 67 
32 44 
36 263 
37 76 
40 91 
46 608 
47 797 
49 150 
51 270 
52 469 
53 80 
54 91 
55 615 
57 579 
58 93 
59 234 
61 825 
64 657 
65 80 
66 91 
68 85 
69 91 
71 861 
72 199 
79 88 
82 182 
84 660 
86 153 
94 288 
95 837 
96 758 
97 353 
101 525 
102 236 
104 123 
105 153 
108 947 
114 259 
115 475 
116 327 
117 134 
118 291 
119 133 
124 494 
126 664 
128 138 
129 386 
130 147 
131 138 
137 670 
143 715 
144 237 
146 242 
151 482 
152 624 
155 758 
156 162 
158 195 
160 740 
161 195 
163 183 
165 264 
168 338 
169 454 
171 338 
172 182 
173 191 
175 330 
180 223 
185 817 
188 534 
190 383 
198 470 
200 262 
204 262 
206 238 
207 461 
214 321 
215 566 
218 248 
221 573 
224 484 
226 295 
227 405 
231 341 
243 676 
244 513 
246 965 
249 717 
250 259 
252 336 
253 288 
256 401 
257 409 
266 817 
269 735 
271 330 
273 383 
280 289 
290 415 
297 385 
304 394 
306 703 
307 344 
310 619 
318 521 
322 498 
324 365 
331 336 
335 341 
337 424 
339 415 
343 394 
350 545 
355 392 
359 813 
363 409 
366 371 
368 388 
372 449 
373 469 
375 470 
376 383 
382 401 
384 385 
390 410 
395 474 
398 414 
399 545 
402 405 
403 525 
407 737 
408 492 
413 484 
417 418 
419 428 
422 438 
426 513 
427 437 
432 710 
434 459 
443 705 
444 498 
445 598 
447 735 
455 511 
458 858 
464 522 
465 470 
466 482 
471 862 
476 566 
478 619 
481 789 
487 847 
490 534 
495 513 
496 825 
501 752 
503 513 
510 838 
512 544 
517 751 
518 894 
523 543 
524 571 
527 568 
528 670 
529 759 
535 563 
537 625 
542 993 
547 683 
548 586 
552 553 
558 846 
562 717 
564 571 
572 841 
577 637 
578 585 
580 609 
581 885 
582 832 
583 590 
587 619 
589 598 
595 759 
599 659 
600 620 
601 622 
603 619 
607 662 
612 758 
617 668 
618 651 
628 630 
631 632 
633 635 
634 659 
636 657 
643 735 
653 885 
661 947 
665 670 
666 982 
673 763 
674 676 
675 703 
681 833 
684 758 
685 695 
686 837 
689 721 
696 714 
697 774 
698 832 
699 710 
700 703 
701 982 
709 751 
711 740 
716 800 
720 760 
726 800 
731 762 
744 982 
749 798 
750 825 
753 995 
765 840 
769 800 
770 885 
773 824 
781 846 
782 795 
783 801 
788 990 
793 837 
794 801 
796 957 
805 817 
806 808 
810 813 
814 838 
816 832 
818 856 
828 858 
834 837 
835 837 
853 861 
857 879 
866 894 
868 903 
871 903 
872 884 
873 881 
876 881 
882 894 
883 903 
891 930 
892 894 
897 912 
898 901 
902 947 
904 941 
909 929 
910 911 
915 928 
916 920 
918 930 
919 920 
927 930 
932 973 
934 937 
940 984 
943 988 
945 984 
946 0 
949 956 
952 968 
953 960 
958 965 
961 0 
967 993 
974 990 
977 982 
979 993 
980 0 
981 993 
985 0 
991 995 
996 0 
999 0 
